=== DSV3 completions Tue May  5 06:57:23 UTC 2026 ===
[ready in 42*5 = 210s]

===== [code-palindrome] =====
Q: Write a Python function find_longest_palindrome(s) that returns the longest palindromic substring. Just the function, no explanation.
[07:00:49] sending...
A: ```python
def find_longest_palindrome(s):
    def expand_around_center(s, left, right):
        while left >= 0 and right < len(s) and s[left] == s[right]:
            left -= 1
            right += 1
        return s[left + 1:right]
    
    longest = ""
    for i in range(len(s)):
        odd = expand_around_center(s, i, i)
        even = expand_around_center(s, i, i + 1)
        if len(odd) > len(longest):
            longest = odd
        if len(even) > len(longest):
            longest = even
    return longest
```
tg/s: 0.55
predicted_n: 149
prompt_n: 31
[07:06:19] done

===== [math-clock] =====
Q: If a clock shows exactly 3:15, what is the angle (in degrees) between the hour hand and the minute hand? Give a one-sentence answer.
[07:06:19] sending...
A: At 3:15, the angle between the hour and minute hands is 7.5 degrees.
tg/s: 0.68
predicted_n: 22
prompt_n: 37
[07:07:40] done

===== [reasoning-syllogism] =====
Q: Premise 1: All birds have wings. Premise 2: Penguins are birds. Premise 3: Penguins cannot fly. Question: Do penguins have wings? Answer in one sentence.
[07:07:40] sending...
A: Yes, penguins have wings because all birds have wings and penguins are birds.
tg/s: 0.72
predicted_n: 18
prompt_n: 46
[07:08:59] done

===== [multi-turn-context] =====
A: Your name is **Sergey**, and you’re working on the **AMD Developer Hackathon**. Best of luck with your project! Let me know if you need help with anything. 😊
tg/s: 0.66

===== [final cache stats] =====
=== completions end Tue May  5 07:10:55 UTC 2026 ===
